{"level":"info","msg":"User registered: bmacharia","source":"::1","status":201,"time":"2023-01-26T21:34:11+03:00","url":"localhost:8000/auth/register"}
{"level":"info","msg":"User logged in: bmacharia","source":"::1","status":200,"time":"2023-01-26T21:34:15+03:00","url":"localhost:8000/auth/login"}
{"level":"info","msg":"User registered: bmacharia","source":"::1","status":201,"time":"2023-01-26T22:21:19+03:00","url":"localhost:8000/auth/register"}
{"level":"info","msg":"User logged in: bmacharia","source":"::1","status":200,"time":"2023-01-26T22:21:30+03:00","url":"localhost:8000/auth/login"}
{"level":"info","msg":"Registration error for: bmacharia error: ERROR: duplicate key value violates unique constraint \"users_username_key\" (SQLSTATE 23505)","source":"::1","status":401,"time":"2023-01-26T22:21:35+03:00","url":"localhost:8000/auth/register"}
{"level":"info","msg":"User logged in: bmacharia","source":"::1","status":200,"time":"2023-01-26T22:21:43+03:00","url":"localhost:8000/auth/login"}
{"level":"info","msg":"Book added: Alice in the Wonderland by bmacharia","source":"::1","status":201,"time":"2023-01-26T22:21:52+03:00","url":"localhost:8000/api/book"}
{"level":"info","msg":"User books queried by bmacharia","source":"::1","status":200,"time":"2023-01-26T22:21:55+03:00","url":"localhost:8000/api/books"}
{"level":"info","msg":"User books queried by bmacharia","source":"::1","status":200,"time":"2023-01-26T22:21:58+03:00","url":"localhost:8000/api/books"}
{"level":"info","msg":"User logged in: bmacharia","source":"::1","status":200,"time":"2023-01-26T22:25:00+03:00","url":"localhost:8000/auth/login"}
{"level":"info","msg":"Wrong password entered for: bmacharia crypto/bcrypt: hashedPassword is not the hash of the given password","source":"::1","status":401,"time":"2023-01-26T22:25:04+03:00","url":"localhost:8000/auth/login"}
{"level":"info","msg":"User logged in: bmacharia","source":"::1","status":200,"time":"2023-01-26T22:25:17+03:00","url":"localhost:8000/auth/login"}
{"level":"info","msg":"Registration error for: bmacharia ERROR: duplicate key value violates unique constraint \"users_username_key\" (SQLSTATE 23505)","source":"::1","status":401,"time":"2023-01-26T22:58:22+03:00","url":"localhost:8000/auth/register"}
{"level":"info","msg":"User logged in: bmacharia","source":"::1","status":200,"time":"2023-01-26T22:58:26+03:00","url":"localhost:8000/auth/login"}
{"level":"info","msg":"User books queried by bmacharia","source":"::1","status":200,"time":"2023-01-26T22:58:33+03:00","url":"localhost:8000/api/books"}
{"level":"info","msg":"Registration error for: bmacharia ERROR: duplicate key value violates unique constraint \"users_username_key\" (SQLSTATE 23505)","source":"::1","status":401,"time":"2023-01-27T00:03:27+03:00","url":"localhost:8000/auth/register"}
{"level":"info","msg":"User logged in: bmacharia","source":"::1","status":200,"time":"2023-01-27T00:03:30+03:00","url":"localhost:8000/auth/login"}
{"level":"info","msg":"User books queried by bmacharia","source":"::1","status":200,"time":"2023-01-27T00:03:35+03:00","url":"localhost:8000/api/books"}
{"level":"info","msg":"Registration error for: bmacharia ERROR: duplicate key value violates unique constraint \"users_username_key\" (SQLSTATE 23505)","source":"::1","status":401,"time":"2023-01-27T01:26:33+03:00","url":"localhost:8000/auth/register"}
{"level":"info","msg":"User logged in: bmacharia","source":"::1","status":200,"time":"2023-01-27T01:26:35+03:00","url":"localhost:8000/auth/login"}
{"level":"info","msg":"User books queried by bmacharia","source":"::1","status":200,"time":"2023-01-27T01:26:38+03:00","url":"localhost:8000/api/books"}
{"level":"info","msg":"User logged in: bmacharia","source":"172.30.0.1","status":200,"time":"2023-01-27T13:57:47Z","url":"localhost:8000/auth/login"}
{"level":"info","msg":"Registration error for: bmacharia ERROR: duplicate key value violates unique constraint \"users_username_key\" (SQLSTATE 23505)","source":"172.30.0.1","status":401,"time":"2023-01-27T13:57:52Z","url":"localhost:8000/auth/register"}
{"level":"info","msg":"User logged in: bmacharia","source":"172.30.0.1","status":200,"time":"2023-01-27T13:57:56Z","url":"localhost:8000/auth/login"}
{"level":"info","msg":"Book added: Alice in the Wonderland 2 by bmacharia","source":"172.30.0.1","status":201,"time":"2023-01-27T13:58:13Z","url":"localhost:8000/api/book"}
{"level":"info","msg":"User books queried by bmacharia","source":"172.30.0.1","status":200,"time":"2023-01-27T13:58:22Z","url":"localhost:8000/api/books"}
